<?xml version="1.0" encoding="UTF-8"?>
<testsuite xmlns:xsi="http://www.w3.org/2001/XMLSchema-instance" xsi:noNamespaceSchemaLocation="https://maven.apache.org/surefire/maven-surefire-plugin/xsd/surefire-test-report.xsd" name="com.epam.HotelServiceTest" time="1.795" tests="5" errors="0" skipped="0" failures="0">
  <properties>
[...]
</properties>
  <testcase name="testUriWithCorrectParam" classname="com.epam.HotelServiceTest" time="0.071"/>
  <testcase name="testWhenMinTripStartDateInSearchCriteria" classname="com.epam.HotelServiceTest" time="0.018"/>
  <testcase name="testWhenDestinationNameInSearchCriteria" classname="com.epam.HotelServiceTest" time="0.003"/>
  <testcase name="testWhenLengthOfStayInSearchCriteria" classname="com.epam.HotelServiceTest" time="0.002"/>
  <testcase name="testWhenNoSearchCriteria" classname="com.epam.HotelServiceTest" time="0.002"/>
</testsuite>